"../../../Engine/Content/Animation/DefaultAnimCurveCompressionSettings.uasset" 0
"../../../Engine/Content/Functions/Engine_MaterialFunctions01/Opacity/CameraDepthFade.uasset" 1
"../../../Engine/Content/EngineMaterials/T_Default_Material_Grid_M.uasset" 2
"../../../Engine/Content/EngineMaterials/T_Default_Material_Grid_N.uasset" 3
"../../../Engine/Content/EngineMaterials/WorldGridMaterial.uasset" 4
"../../../Engine/Content/ArtTools/RenderToTexture/Meshes/S_1_Unit_Plane.uasset" 5
"../../../Engine/Content/BasicShapes/Plane.uasset" 6
"../../../Engine/Content/EngineMaterials/DefaultMaterial.uasset" 7
"../../../Engine/Content/BasicShapes/Sphere.uasset" 8
"../../../Engine/Content/EngineMaterials/DefaultPhysicalMaterial.uasset" 9
"../../../Engine/Content/BufferVisualization/AmbientOcclusion.uasset" 10
"../../../Engine/Content/BufferVisualization/BaseColor.uasset" 11
"../../../Engine/Content/BufferVisualization/CustomDepth.uasset" 12
"../../../Engine/Content/Functions/Engine_MaterialFunctions02/Utility/VectorLength.uasset" 13
"../../../Engine/Content/BufferVisualization/CustomDepthWorldUnits.uasset" 14
"../../../Engine/Content/Functions/Engine_MaterialFunctions02/Utility/BreakOutFloat2Components.uasset" 15
"../../../Engine/Content/Functions/Engine_MaterialFunctions01/Texturing/ScaleUVsByCenter.uasset" 16
"../../../Engine/Content/Functions/Engine_MaterialFunctions02/ScreenResolution.uasset" 17
"../../../Engine/Content/Functions/Engine_MaterialFunctions02/Texturing/ScreenAlignedUVs.uasset" 18
"../../../Engine/Content/Functions/Engine_MaterialFunctions02/Utility/MakeFloat2.uasset" 19
"../../../Engine/Content/Functions/Engine_MaterialFunctions02/Utility/MakeFloat3.uasset" 20
"../../../Engine/Content/EngineMaterials/MiniFont.uasset" 21
"../../../Engine/Content/BufferVisualization/CustomStencil.uasset" 22
"../../../Engine/Content/BufferVisualization/FinalImage.uasset" 23
"../../../Engine/Content/BufferVisualization/LightingModel.uasset" 24
"../../../Engine/Content/BufferVisualization/MaterialAO.uasset" 25
"../../../Engine/Content/BufferVisualization/Metallic.uasset" 26
"../../../Engine/Content/BufferVisualization/Opacity.uasset" 27
"../../../Engine/Content/BufferVisualization/PostTonemapHDRColor.uasset" 28
"../../../Engine/Content/BufferVisualization/PreTonemapHDRColor.uasset" 29
"../../../Engine/Content/BufferVisualization/Roughness.uasset" 30
"../../../Engine/Content/BufferVisualization/SceneColor.uasset" 31
"../../../Engine/Content/BufferVisualization/SceneDepth.uasset" 32
"../../../Engine/Content/BufferVisualization/SceneDepthWorldUnits.uasset" 33
"../../../Engine/Content/BufferVisualization/SeparateTranslucencyA.uasset" 34
"../../../Engine/Content/BufferVisualization/SeparateTranslucencyRGB.uasset" 35
"../../../Engine/Content/BufferVisualization/Specular.uasset" 36
"../../../Engine/Content/BufferVisualization/SubsurfaceColor.uasset" 37
"../../../Engine/Content/BufferVisualization/Velocity.uasset" 38
"../../../Engine/Content/BufferVisualization/WorldNormal.uasset" 39
"../../../Engine/Content/EditorLandscapeResources/DataLayer.uasset" 40
"../../../Engine/Content/EditorLandscapeResources/DefaultAlphaTexture.uasset" 41
"../../../Engine/Content/EditorLandscapeResources/LandscapeGizmoHeight_Mat.uasset" 42
"../../../Engine/Content/EditorLandscapeResources/LandscapeGizmo_Mat.uasset" 43
"../../../Engine/Content/EditorLandscapeResources/LandscapeGizmo_Mat_Copied.uasset" 44
"../../../Engine/Content/EditorLandscapeResources/SplineEditorMeshMat.uasset" 45
"../../../Engine/Content/EditorLandscapeResources/SplineEditorMesh.uasset" 46
"../../../Engine/Content/EditorMaterials/Cross.uasset" 47
"../../../Engine/Content/EditorMaterials/Cross_Mat.uasset" 48
"../../../Engine/Content/EngineMaterials/DefaultDiffuse.uasset" 49
"../../../Engine/Content/Functions/Engine_MaterialFunctions01/Texturing/TextureCropping.uasset" 50
"../../../Engine/Content/Functions/Engine_MaterialFunctions01/Texturing/ComputeMipLevel.uasset" 51
"../../../Engine/Content/Functions/Engine_MaterialFunctions02/ExampleContent/DebugNumberStrip.uasset" 52
"../../../Engine/Content/Functions/Engine_MaterialFunctions02/ExampleContent/Textures/DebugNumberPeriod.uasset" 53
"../../../Engine/Content/Functions/Engine_MaterialFunctions02/Utility/DebugScalarValues.uasset" 54
"../../../Engine/Content/Functions/Engine_MaterialFunctions02/Utility/DebugFloat2Values.uasset" 55
"../../../Engine/Content/Functions/Engine_MaterialFunctions02/ExampleContent/Textures/flipbook.uasset" 56
"../../../Engine/Content/Functions/Engine_MaterialFunctions02/Texturing/FlipBook.uasset" 57
"../../../Engine/Content/Functions/Engine_MaterialFunctions02/Utility/Sign.uasset" 58
"../../../Engine/Content/Functions/Engine_MaterialFunctions02/Utility/Round.uasset" 59
"../../../Engine/Content/EditorResources/T_EditorHelp.uasset" 60
"../../../Engine/Content/EditorMaterials/HelpActorMaterial.uasset" 61
"../../../Engine/Content/EditorMaterials/CompositeARGBLayer.uasset" 62
"../../../Engine/Content/EditorMaterials/TilingAALineIntegral.uasset" 63
"../../../Engine/Content/EditorMaterials/TilingAALineBoxFiltered.uasset" 64
"../../../Engine/Content/Functions/Engine_MaterialFunctions03/Procedurals/ComputeFilterWidth.uasset" 65
"../../../Engine/Content/EditorMaterials/TilingAADots.uasset" 66
"../../../Engine/Content/EngineMaterials/BlendFunc_DefBase.uasset" 67
"../../../Engine/Content/EngineMaterials/BlendFunc_DefBlend.uasset" 68
"../../../Engine/Content/Functions/Engine_MaterialFunctions03/Blends/Blend_Screen.uasset" 69
"../../../Engine/Content/EditorMaterials/TilingAAGrid.uasset" 70
"../../../Engine/Content/EditorMaterials/LevelGridMaterial.uasset" 71
"../../../Engine/Content/EditorMaterials/MakeCompositeARGBLayer.uasset" 72
"../../../Engine/Content/EditorResources/LevelGrid1DStripes.uasset" 73
"../../../Engine/Content/EditorMaterials/TextureGridCascaded1D.uasset" 74
"../../../Engine/Content/EditorMaterials/TextureGridCascaded2D.uasset" 75
"../../../Engine/Content/EditorMaterials/LevelGridMaterial2.uasset" 76
"../../../Engine/Content/EditorMaterials/MAT_Groups_Toggle.uasset" 77
"../../../Engine/Content/EditorMaterials/MAT_Groups_Visibility.uasset" 78
"../../../Engine/Content/EditorMaterials/PhAT_BoneSelectedMaterial.uasset" 79
"../../../Engine/Content/EditorMaterials/PhAT_ElemSelectedMaterial.uasset" 80
"../../../Engine/Content/EditorMaterials/PhAT_NoCollisionMaterial.uasset" 81
"../../../Engine/Content/EditorMaterials/PhAT_UnselectedMaterial.uasset" 82
"../../../Engine/Content/EditorMaterials/PreviewShadowIndicator.uasset" 83
"../../../Engine/Content/EditorMaterials/PreviewShadowIndicatorMaterial.uasset" 84
"../../../Engine/Content/EditorMaterials/TargetIcon.uasset" 85
"../../../Engine/Content/EditorMaterials/Tick.uasset" 86
"../../../Engine/Content/EditorMaterials/Tick_Mat.uasset" 87
"../../../Engine/Content/EditorMaterials/WidgetGridVertexColorMaterial.uasset" 88
"../../../Engine/Content/EditorMaterials/WidgetGridVertexColorMaterial_Ma.uasset" 89
"../../../Engine/Content/EditorMaterials/WidgetMaterial.uasset" 90
"../../../Engine/Content/EditorMaterials/WidgetMaterial_Current.uasset" 91
"../../../Engine/Content/EditorMaterials/WidgetMaterial_X.uasset" 92
"../../../Engine/Content/EditorMaterials/WidgetMaterial_Y.uasset" 93
"../../../Engine/Content/EditorMaterials/WidgetMaterial_Z.uasset" 94
"../../../Engine/Content/EditorMaterials/WidgetVertexColorMaterial.uasset" 95
"../../../Engine/Content/EditorMaterials/AssetViewer/EpicQuadPanorama_CC+EV1.uasset" 96
"../../../Engine/Content/MapTemplates/Sky/SunsetAmbientCubemap.uasset" 97
"../../../Engine/Content/EditorMaterials/AssetViewer/M_SkyBox.uasset" 98
"../../../Engine/Content/EditorMaterials/MatineeGroups/MAT_ColorTrack.uasset" 99
"../../../Engine/Content/EditorMaterials/MatineeGroups/MAT_Groups_Anim.uasset" 100
"../../../Engine/Content/EditorMaterials/MatineeGroups/MAT_Groups_AudioMaster.uasset" 101
"../../../Engine/Content/EditorMaterials/MatineeGroups/MAT_Groups_Director.uasset" 102
"../../../Engine/Content/EditorMaterials/MatineeGroups/MAT_Groups_Event.uasset" 103
"../../../Engine/Content/EditorMaterials/MatineeGroups/MAT_Groups_Fade.uasset" 104
"../../../Engine/Content/EditorMaterials/MatineeGroups/MAT_Groups_Float.uasset" 105
"../../../Engine/Content/EditorMaterials/MatineeGroups/MAT_Groups_Move.uasset" 106
"../../../Engine/Content/EditorMaterials/MatineeGroups/MAT_Groups_Slomo.uasset" 107
"../../../Engine/Content/EditorMaterials/MatineeGroups/MAT_Groups_Sound.uasset" 108
"../../../Engine/Content/EditorMaterials/MatineeGroups/MAT_Groups_Vector.uasset" 109
"../../../Engine/Content/EditorMaterials/ParticleSystems/PSysThumbnail_NoImage.uasset" 110
"../../../Engine/Content/EditorMaterials/ParticleSystems/PSysThumbnail_OOD.uasset" 111
"../../../Engine/Content/EngineMaterials/Grid.uasset" 112
"../../../Engine/Content/EditorMaterials/Thumbnails/FloorPlaneMaterial.uasset" 113
"../../../Engine/Content/EditorMeshes/EditorCube.uasset" 114
"../../../Engine/Content/EditorMeshes/EditorCylinder.uasset" 115
"../../../Engine/Content/EditorMeshes/EditorPlane.uasset" 116
"../../../Engine/Content/EditorMaterials/Thumbnails/SkySphereMaterial.uasset" 117
"../../../Engine/Content/EditorMeshes/EditorSkySphere.uasset" 118
"../../../Engine/Content/EditorMeshes/EditorSphere.uasset" 119
"../../../Engine/Content/EditorResources/MatineeCam_D.uasset" 120
"../../../Engine/Content/EditorMaterials/MatineeCam_mat.uasset" 121
"../../../Engine/Content/EditorMeshes/MatineeCam_SM.uasset" 122
"../../../Engine/Content/EditorMeshes/PlanarReflectionPlane.uasset" 123
"../../../Engine/Content/Functions/Engine_MaterialFunctions01/Shading/ConvertFromDiffSpec.uasset" 124
"../../../Engine/Content/EditorMaterials/GridMaterial.uasset" 125
"../../../Engine/Content/EditorMeshes/AssetViewer/Floor_Mesh.uasset" 126
"../../../Engine/Content/EditorMeshes/AssetViewer/Sphere_inversenormals.uasset" 127
"../../../Engine/Content/EditorMaterials/Camera/CineMat.uasset" 128
"../../../Engine/Content/EditorMaterials/Camera/MI_CineMat_CameraBody.uasset" 129
"../../../Engine/Content/EngineDebugMaterials/M_SimpleOpaque.uasset" 130
"../../../Engine/Content/EditorMaterials/Camera/MI_CineMat_CamViewFinder.uasset" 131
"../../../Engine/Content/EditorMeshes/Camera/SM_CineCam.uasset" 132
"../../../Engine/Content/EditorMaterials/Camera/MI_CineMat_Rig.uasset" 133
"../../../Engine/Content/EditorMeshes/Camera/SM_CraneRig_Arm.uasset" 134
"../../../Engine/Content/EditorMeshes/Camera/SM_CraneRig_Base.uasset" 135
"../../../Engine/Content/EditorMeshes/Camera/SM_CraneRig_Body.uasset" 136
"../../../Engine/Content/EditorMeshes/Camera/SM_CraneRig_Mount.uasset" 137
"../../../Engine/Content/EditorMeshes/Camera/SM_RailRig_Mount.uasset" 138
"../../../Engine/Content/EditorMeshes/Camera/SM_RailRig_Track.uasset" 139
"../../../Engine/Content/EditorMeshes/ColorCalibrator/M_ChromeBall.uasset" 140
"../../../Engine/Content/EditorResources/Bad.uasset" 141
"../../../Engine/Content/EditorResources/BSPVertex.uasset" 142
"../../../Engine/Content/EditorResources/EmptyActor.uasset" 143
"../../../Engine/Content/EditorResources/MatInstActSprite.uasset" 144
"../../../Engine/Content/EditorResources/SceneManager.uasset" 145
"../../../Engine/Content/EditorResources/SmallFont.uasset" 146
"../../../Engine/Content/EditorResources/S_Actor.uasset" 147
"../../../Engine/Content/EditorResources/S_CameraShakeSource.uasset" 148
"../../../Engine/Content/EditorResources/S_DecalActorIcon.uasset" 149
"../../../Engine/Content/EditorResources/S_Emitter.uasset" 150
"../../../Engine/Content/EditorResources/S_ExpoHeightFog.uasset" 151
"../../../Engine/Content/EditorResources/S_FTest.uasset" 152
"../../../Engine/Content/EditorResources/S_KBSJoint.uasset" 153
"../../../Engine/Content/EditorResources/S_KHinge.uasset" 154
"../../../Engine/Content/EditorResources/S_KPrismatic.uasset" 155
"../../../Engine/Content/EditorResources/S_LevelSequence.uasset" 156
"../../../Engine/Content/EditorResources/S_NavP.uasset" 157
"../../../Engine/Content/EditorResources/S_Note.uasset" 158
"../../../Engine/Content/EditorResources/S_Player.uasset" 159
"../../../Engine/Content/EditorResources/S_PortalActorIcon2.uasset" 160
"../../../Engine/Content/EditorResources/S_RadForce.uasset" 161
"../../../Engine/Content/EditorResources/S_ReflActorIcon.uasset" 162
"../../../Engine/Content/EditorResources/S_SkyAtmosphere.uasset" 163
"../../../Engine/Content/EditorResources/S_Solver.uasset" 164
"../../../Engine/Content/EditorResources/S_Terrain.uasset" 165
"../../../Engine/Content/EditorResources/S_TextRenderActorIcon.uasset" 166
"../../../Engine/Content/EditorResources/S_Thruster.uasset" 167
"../../../Engine/Content/EditorResources/S_Trigger.uasset" 168
"../../../Engine/Content/EditorResources/S_VectorFieldVol.uasset" 169
"../../../Engine/Content/EditorResources/S_WindDirectional.uasset" 170
"../../../Engine/Content/EditorResources/AI/S_NavLink.uasset" 171
"../../../Engine/Content/EditorResources/AudioIcons/S_AudioComponent.uasset" 172
"../../../Engine/Content/EditorResources/AudioIcons/S_AudioComponent_AutoActivate.uasset" 173
"../../../Engine/Content/EditorResources/LightIcons/SkyLight.uasset" 174
"../../../Engine/Content/EditorResources/LightIcons/S_LightDirectional.uasset" 175
"../../../Engine/Content/EditorResources/LightIcons/S_LightDirectionalMove.uasset" 176
"../../../Engine/Content/EditorResources/LightIcons/S_LightError.uasset" 177
"../../../Engine/Content/EditorResources/LightIcons/S_LightPoint.uasset" 178
"../../../Engine/Content/EditorResources/LightIcons/S_LightPointMove.uasset" 179
"../../../Engine/Content/EditorResources/LightIcons/S_LightSpot.uasset" 180
"../../../Engine/Content/EditorResources/LightIcons/S_LightSpotMove.uasset" 181
"../../../Engine/Content/EditorResources/SequenceRecorder/Countdown.uasset" 182
"../../../Engine/Content/EditorResources/SequenceRecorder/RecordingIndicator.uasset" 183
"../../../Engine/Content/EditorResources/Spline/T_Loft_Spline.uasset" 184
"../../../Engine/Content/EditorSounds/Notifications/CompileFailed.uasset" 185
"../../../Engine/Content/EditorSounds/Notifications/CompileFailed_Cue.uasset" 186
"../../../Engine/Content/EditorSounds/Notifications/CompileSuccess.uasset" 187
"../../../Engine/Content/EditorSounds/Notifications/CompileStart_Cue.uasset" 188
"../../../Engine/Content/EditorSounds/Notifications/CompileSuccess_Cue.uasset" 189
"../../../Engine/Content/EngineDamageTypes/DmgTypeBP_Environmental.uasset" 190
"../../../Engine/Content/EngineDebugMaterials/HeatmapGradient.uasset" 191
"../../../Engine/Content/EngineDebugMaterials/BoneWeightMaterial.uasset" 192
"../../../Engine/Content/EngineDebugMaterials/ClothMaterial.uasset" 193
"../../../Engine/Content/EngineDebugMaterials/ClothMaterial_WF.uasset" 194
"../../../Engine/Content/EngineDebugMaterials/DebugEditorMaterial.uasset" 195
"../../../Engine/Content/EngineDebugMaterials/DebugMeshMaterial.uasset" 196
"../../../Engine/Content/EngineDebugMaterials/GeomMaterial.uasset" 197
"../../../Engine/Content/EngineDebugMaterials/LevelColorationLitMaterial.uasset" 198
"../../../Engine/Content/EngineDebugMaterials/LevelColorationUnlitMaterial.uasset" 199
"../../../Engine/Content/EngineMaterials/DefaultWhiteGrid.uasset" 200
"../../../Engine/Content/EngineDebugMaterials/MAT_LevelColorationLitLightmapUV.uasset" 201
"../../../Engine/Content/EngineDebugMaterials/M_SimpleUnlitTranslucent.uasset" 202
"../../../Engine/Content/Functions/Engine_MaterialFunctions02/Utility/CameraDirectionVector.uasset" 203
"../../../Engine/Content/EngineDebugMaterials/VolumeToRender.uasset" 204
"../../../Engine/Content/EngineDebugMaterials/M_VolumeRenderSphereTracePP.uasset" 205
"../../../Engine/Content/EngineMaterials/DefaultWhiteGrid_Low.uasset" 206
"../../../Engine/Content/EngineDebugMaterials/PhysicalMaterialMaskMaterial.uasset" 207
"../../../Engine/Content/EngineDebugMaterials/ShadedLevelColorationLitMaterial.uasset" 208
"../../../Engine/Content/EngineDebugMaterials/ShadedLevelColorationUnlitMateri.uasset" 209
"../../../Engine/Content/EngineDebugMaterials/VertexColorMaterial.uasset" 210
"../../../Engine/Content/EngineDebugMaterials/VertexColorViewMode_AlphaAsColor.uasset" 211
"../../../Engine/Content/EngineDebugMaterials/VertexColorViewMode_BlueOnly.uasset" 212
"../../../Engine/Content/EngineDebugMaterials/VertexColorViewMode_ColorOnly.uasset" 213
"../../../Engine/Content/EngineDebugMaterials/VertexColorViewMode_GreenOnly.uasset" 214
"../../../Engine/Content/EngineDebugMaterials/VertexColorViewMode_RedOnly.uasset" 215
"../../../Engine/Content/EngineDebugMaterials/WireframeMaterial.uasset" 216
"../../../Engine/Content/EngineFonts/Faces/DroidSansFallback.uasset" 217
"../../../Engine/Content/EngineFonts/Faces/RobotoBold.uasset" 218
"../../../Engine/Content/EngineFonts/Faces/RobotoBoldItalic.uasset" 219
"../../../Engine/Content/EngineFonts/Faces/RobotoItalic.uasset" 220
"../../../Engine/Content/EngineFonts/Faces/RobotoLight.uasset" 221
"../../../Engine/Content/EngineFonts/Faces/RobotoRegular.uasset" 222
"../../../Engine/Content/EngineFonts/Roboto.uasset" 223
"../../../Engine/Content/EngineFonts/Faces/RobotoTiny.uasset" 224
"../../../Engine/Content/EngineFonts/RobotoTiny.uasset" 225
"../../../Engine/Content/EngineFonts/SmallFont.uasset" 226
"../../../Engine/Content/EngineFonts/TinyFont.uasset" 227
"../../../Engine/Content/EngineMaterials/BaseFlattenDiffuseMap.uasset" 228
"../../../Engine/Content/EngineMaterials/BaseFlattenEmissiveMap.uasset" 229
"../../../Engine/Content/EngineMaterials/BaseFlattenGrayscaleMap.uasset" 230
"../../../Engine/Content/EngineMaterials/BaseFlattenNormalMap.uasset" 231
"../../../Engine/Content/EngineMaterials/BaseFlattenMaterial.uasset" 232
"../../../Engine/Content/EngineResources/WhiteSquareTexture.uasset" 233
"../../../Engine/Content/EngineMaterials/BlinkingCaret.uasset" 234
"../../../Engine/Content/EngineMaterials/BlueNoise.uasset" 235
"../../../Engine/Content/EngineMaterials/DefaultBloomKernel.uasset" 236
"../../../Engine/Content/EngineMaterials/DefaultBokeh.uasset" 237
"../../../Engine/Content/EngineMaterials/DefaultDeferredDecalMaterial.uasset" 238
"../../../Engine/Content/EngineMaterials/DefaultLightFunctionMaterial.uasset" 239
"../../../Engine/Content/EngineMaterials/DefaultNormal.uasset" 240
"../../../Engine/Content/EngineMaterials/DefaultPostProcessMaterial.uasset" 241
"../../../Engine/Content/EngineFonts/RobotoDistanceField.uasset" 242
"../../../Engine/Content/EngineMaterials/DefaultTextMaterialOpaque.uasset" 243
"../../../Engine/Content/EngineMaterials/EditorBrushMaterial.uasset" 244
"../../../Engine/Content/EngineMaterials/EmissiveMeshMaterial.uasset" 245
"../../../Engine/Content/EngineMaterials/GizmoMaterial.uasset" 246
"../../../Engine/Content/EngineMaterials/Good64x64TilingNoiseHighFreq.uasset" 247
"../../../Engine/Content/EngineMaterials/Grid_N.uasset" 248
"../../../Engine/Content/EngineMaterials/HighResolutionScreenshotMaskFunction.uasset" 249
"../../../Engine/Content/EngineMaterials/HighResScreenshot.uasset" 250
"../../../Engine/Content/EngineMaterials/HighResScreenshotCaptureRegion.uasset" 251
"../../../Engine/Content/EngineMaterials/HighResScreenshotMask.uasset" 252
"../../../Engine/Content/EngineMaterials/LandscapeHolePhysicalMaterial.uasset" 253
"../../../Engine/Content/EngineMaterials/InvalidLightmapSettings.uasset" 254
"../../../Engine/Content/EngineMaterials/M_InvalidLightmapSettings.uasset" 255
"../../../Engine/Content/EngineMaterials/PaperDiffuse.uasset" 256
"../../../Engine/Content/EngineMaterials/PaperNormal.uasset" 257
"../../../Engine/Content/Functions/Engine_MaterialFunctions02/WorldPositionOffset/CameraOffset.uasset" 258
"../../../Engine/Content/EngineMaterials/PhAT_JointLimitMaterial.uasset" 259
"../../../Engine/Content/EngineMaterials/PhysMat_Rubber.uasset" 260
"../../../Engine/Content/EngineMaterials/PreintegratedSkinBRDF.uasset" 261
"../../../Engine/Content/EngineMaterials/RemoveSurfaceMaterial.uasset" 262
"../../../Engine/Content/EngineMaterials/WeightMapPlaceholderTexture.uasset" 263
"../../../Engine/Content/Functions/Engine_MaterialFunctions01/ImageAdjustment/sRGBToLinear.uasset" 264
"../../../Engine/Content/Functions/Engine_MaterialFunctions02/Utility/BreakOutFloat3Components.uasset" 265
"../../../Engine/Content/EngineMaterials/Widget3DCameraPassThrough_Opaque_OneSided.uasset" 266
"../../../Engine/Content/EngineMaterials/Widget3DPassThrough.uasset" 267
"../../../Engine/Content/EngineMaterials/Widget3DPassThrough_Masked.uasset" 268
"../../../Engine/Content/EngineMaterials/Widget3DPassThrough_Opaque.uasset" 269
"../../../Engine/Content/EngineMaterials/Widget3DPassThrough_Masked_OneSided.uasset" 270
"../../../Engine/Content/EngineMaterials/Widget3DPassThrough_Opaque_OneSided.uasset" 271
"../../../Engine/Content/EngineMaterials/Widget3DPassThrough_Translucent.uasset" 272
"../../../Engine/Content/EngineMaterials/Widget3DPassThrough_Translucent_OneSided.uasset" 273
"../../../Engine/Content/EngineMeshes/Cylinder.uasset" 274
"../../../Engine/Content/EngineMeshes/Sphere.uasset" 275
"../../../Engine/Content/EngineResources/Black.uasset" 276
"../../../Engine/Content/EngineResources/DefaultTexture.uasset" 277
"../../../Engine/Content/EngineResources/DefaultTextureCube.uasset" 278
"../../../Engine/Content/EngineResources/DefaultVolumeTexture2D.uasset" 279
"../../../Engine/Content/EngineResources/DefaultVolumeTexture.uasset" 280
"../../../Engine/Content/EngineResources/GradientTexture0.uasset" 281
"../../../Engine/Content/EngineResources/StreamingPauseIcon.uasset" 282
"../../../Engine/Content/EngineResources/M_StreamingPause.uasset" 283
"../../../Engine/Content/EngineSounds/Master.uasset" 284
"../../../Engine/Content/Functions/Engine_MaterialFunctions01/Shading/PowerToRoughness.uasset" 285
"../../../Engine/Content/Maps/Templates/Thumbnails/Default.uasset" 286
"../../../Engine/Content/Maps/Templates/Thumbnails/TimeOfDay.uasset" 287
"../../../Engine/Content/Maps/Templates/Thumbnails/VR-Basic.uasset" 288
"../../../Engine/Content/MapTemplates/Sky/DaylightAmbientCubemap.uasset" 289
"../../../Engine/Content/MobileResources/T_MobileControls_texture.uasset" 290
"../../../Engine/Content/MobileResources/T_MobileMenu2.uasset" 291
"../../../Engine/Content/MobileResources/HUD/AnalogHat.uasset" 292
"../../../Engine/Content/MobileResources/HUD/VirtualJoystick_Background.uasset" 293
"../../../Engine/Content/MobileResources/HUD/VirtualJoystick_Thumb.uasset" 294
"../../../Engine/Content/MobileResources/HUD/DefaultVirtualJoysticks.uasset" 295
"../../../Engine/Content/MobileResources/HUD/LeftVirtualJoystickOnly.uasset" 296
"../../../Engine/Content/MobileResources/HUD/MobileHUDButton1_off.uasset" 297
"../../../Engine/Content/MobileResources/HUD/MobileHUDButton1_on.uasset" 298
"../../../Engine/Content/MobileResources/HUD/MobileHUDButton2_off.uasset" 299
"../../../Engine/Content/MobileResources/HUD/MobileHUDButton2_on.uasset" 300
"../../../Engine/Content/MobileResources/HUD/MobileHUDButton3.uasset" 301
"../../../Engine/Content/MobileResources/HUD/MobileHUDButtonFire.uasset" 302
"../../../Engine/Content/MobileResources/HUD/MobileHUDDirectionPad.uasset" 303
"../../../Engine/Content/MobileResources/HUD/MobileHUDDirectionPad2.uasset" 304
"../../../Engine/Content/MobileResources/HUD/MobileHUDDirectionPad3.uasset" 305
"../../../Engine/Content/MobileResources/HUD/MobileHUDDirectionStick.uasset" 306
"../../../Engine/Content/MobileResources/HUD/T_Castle_ThumbstickInner.uasset" 307
"../../../Engine/Content/MobileResources/HUD/T_Castle_ThumbstickOutter.uasset" 308
"../../../Engine/Content/Tutorial/ContentIntroCurve.uasset" 309
"../../../Engine/Content/Tutorial/Basics/LevelEditorAttract.uasset" 310
"../../../Engine/Content/Tutorial/Basics/TutorialAssets/icon_tab_Levels_40x.uasset" 311
"../../../Engine/Content/Tutorial/Basics/LevelEditorOverview.uasset" 312
"../../../Engine/Content/Tutorial/BlueprintTutorials/TutorialAssets/Blueprint_64x.uasset" 313
"../../../Engine/Content/Tutorial/BlueprintTutorials/BlueprintEditorTutorial.uasset" 314
"../../../Engine/Content/Tutorial/BlueprintTutorials/TutorialAssets/BlueprintInterface_64x.uasset" 315
"../../../Engine/Content/Tutorial/BlueprintTutorials/BlueprintInterfacesEditorOverview.uasset" 316
"../../../Engine/Content/Tutorial/BlueprintTutorials/TutorialAssets/Tutorial_BP_Interface.uasset" 317
"../../../Engine/Content/Tutorial/Landscape/TutorialAssets/Landscape.uasset" 318
"../../../Engine/Content/Tutorial/Landscape/LandscapeWalkThrough.uasset" 319
"../../../Engine/Content/Tutorial/Landscape/Landscape_Manage_Mode.uasset" 320
"../../../Engine/Content/EditorBlueprintResources/StandardMacros.uasset" 321
"../../../Engine/Content/Tutorial/Landscape/Landscape_Painting_Mode.uasset" 322
"../../../Engine/Content/Tutorial/Landscape/Landscape_Sculpt_Mode.uasset" 323
"../../../Engine/Content/VREditor/LaserPointer/VR_LaserPower_01.uasset" 324
"../../../Engine/Content/VREditor/TransformGizmo/TransformGizmoMaterial.uasset" 325
"../../../Engine/Content/VREditor/TransformGizmo/TranslucentTransformGizmoMaterial.uasset" 326
"../../../Engine/Content/VREditor/TransformGizmo/BoundingBoxCorner.uasset" 327
"../../../Engine/Content/VREditor/TransformGizmo/BoundingBoxEdge.uasset" 328
"../../../Engine/Content/VREditor/TransformGizmo/PlaneTranslationHandle.uasset" 329
"../../../Engine/Content/VREditor/TransformGizmo/Main.uasset" 330
"../../../Engine/Content/VREditor/TransformGizmo/Xray.uasset" 331
"../../../Engine/Content/VREditor/TransformGizmo/SM_Sequencer_Key.uasset" 332
"../../../Engine/Content/VREditor/TransformGizmo/SM_Sequencer_Node.uasset" 333
"../../../Engine/Content/Functions/MaterialLayerFunctions/MatLayerBlend_AO.uasset" 334
"../../../Engine/Content/Functions/Engine_MaterialFunctions02/Utility/BlendAngleCorrectedNormals.uasset" 335
"../../../Engine/Content/Functions/MaterialLayerFunctions/MatLayerBlend_NormalBlend.uasset" 336
"../../../Engine/Content/Functions/MaterialLayerFunctions/MatLayerBlend_Simple.uasset" 337
"E:/Source/repos/Unreal Engine Games/BuildingEscape/Content/RemoteAssets/AnimStarterPack/UE4_Mannequin/Materials/MaterialLayers/T_ML_Rubber_Blue_01_D.uasset" 338
"E:/Source/repos/Unreal Engine Games/BuildingEscape/Content/RemoteAssets/AnimStarterPack/UE4_Mannequin/Materials/MaterialLayers/T_ML_Rubber_Blue_01_N.uasset" 339
"E:/Source/repos/Unreal Engine Games/BuildingEscape/Content/RemoteAssets/AnimStarterPack/UE4_Mannequin/Materials/MaterialLayers/ML_GlossyBlack_Latex_UE4.uasset" 340
"E:/Source/repos/Unreal Engine Games/BuildingEscape/Content/RemoteAssets/AnimStarterPack/UE4_Mannequin/Materials/MaterialLayers/ML_Plastic_Shiny_Beige.uasset" 341
"E:/Source/repos/Unreal Engine Games/BuildingEscape/Content/RemoteAssets/AnimStarterPack/UE4_Mannequin/Textures/UE4_LOGO_CARD.uasset" 342
"E:/Source/repos/Unreal Engine Games/BuildingEscape/Content/RemoteAssets/AnimStarterPack/UE4_Mannequin/Materials/MaterialLayers/ML_Plastic_Shiny_Beige_LOGO.uasset" 343
"E:/Source/repos/Unreal Engine Games/BuildingEscape/Content/RemoteAssets/AnimStarterPack/UE4_Mannequin/Materials/MaterialLayers/T_ML_Aluminum01.uasset" 344
"E:/Source/repos/Unreal Engine Games/BuildingEscape/Content/RemoteAssets/AnimStarterPack/UE4_Mannequin/Materials/MaterialLayers/T_ML_Aluminum01_N.uasset" 345
"E:/Source/repos/Unreal Engine Games/BuildingEscape/Content/RemoteAssets/AnimStarterPack/UE4_Mannequin/Materials/MaterialLayers/ML_SoftMetal_UE4.uasset" 346
"E:/Source/repos/Unreal Engine Games/BuildingEscape/Content/RemoteAssets/AnimStarterPack/UE4_Mannequin/Textures/UE4_Mannequin__normals.uasset" 347
"E:/Source/repos/Unreal Engine Games/BuildingEscape/Content/RemoteAssets/AnimStarterPack/UE4_Mannequin/Textures/UE4_Mannequin_MAT_MASKA.uasset" 348
"E:/Source/repos/Unreal Engine Games/BuildingEscape/Content/RemoteAssets/AnimStarterPack/UE4_Mannequin/Textures/UE4_Mannequin_occlusion_Mobile.uasset" 349
"E:/Source/repos/Unreal Engine Games/BuildingEscape/Content/RemoteAssets/AnimStarterPack/UE4_Mannequin/Materials/M_UE4Man_Body.uasset" 350
"E:/Source/repos/Unreal Engine Games/BuildingEscape/Content/RemoteAssets/AnimStarterPack/UE4_Mannequin/Textures/UE4Man_Logo_N.uasset" 351
"E:/Source/repos/Unreal Engine Games/BuildingEscape/Content/RemoteAssets/AnimStarterPack/UE4_Mannequin/Materials/M_UE4Man_ChestLogo.uasset" 352
"E:/Source/repos/Unreal Engine Games/BuildingEscape/Content/RemoteAssets/AnimStarterPack/UE4_Mannequin/Mesh/SK_Mannequin_PhysicsAsset.uasset" 353
"E:/Source/repos/Unreal Engine Games/BuildingEscape/Content/RemoteAssets/AnimStarterPack/UE4_Mannequin/Mesh/UE4_Mannequin_Skeleton.uasset" 354
"E:/Source/repos/Unreal Engine Games/BuildingEscape/Content/RemoteAssets/AnimStarterPack/UE4_Mannequin/Mesh/SK_Mannequin.uasset" 355
"E:/Source/repos/Unreal Engine Games/BuildingEscape/Content/Blueprints/BP_Character_BuildingESC.uasset" 356
"E:/Source/repos/Unreal Engine Games/BuildingEscape/Content/Blueprints/MyBuildingEscapeGameModeBase_BP.uasset" 357
"../../../Engine/Content/Functions/Engine_MaterialFunctions01/Texturing/FlattenNormal.uasset" 358
"E:/Source/repos/Unreal Engine Games/BuildingEscape/Content/RemoteAssets/beffio/Medieval_Kingdom/Content/Textures/Banners_texture/T_Banners_AO.uasset" 359
"E:/Source/repos/Unreal Engine Games/BuildingEscape/Content/RemoteAssets/beffio/Medieval_Kingdom/Content/Textures/Banners_texture/T_Banners_BC.uasset" 360
"E:/Source/repos/Unreal Engine Games/BuildingEscape/Content/RemoteAssets/beffio/Medieval_Kingdom/Content/Textures/Banners_texture/T_Banners_MT.uasset" 361
"E:/Source/repos/Unreal Engine Games/BuildingEscape/Content/RemoteAssets/beffio/Medieval_Kingdom/Content/Textures/Banners_texture/T_Banners_N.uasset" 362
"E:/Source/repos/Unreal Engine Games/BuildingEscape/Content/RemoteAssets/beffio/Medieval_Kingdom/Content/Textures/Buildings/Building_1/T_House_1_E.uasset" 363
"E:/Source/repos/Unreal Engine Games/BuildingEscape/Content/RemoteAssets/beffio/Medieval_Kingdom/Content/Materials/Master_Materials/M_BaseShader.uasset" 364
"E:/Source/repos/Unreal Engine Games/BuildingEscape/Content/RemoteAssets/beffio/Medieval_Kingdom/Content/Textures/Wall/T_Walls_BC.uasset" 365
"E:/Source/repos/Unreal Engine Games/BuildingEscape/Content/RemoteAssets/beffio/Medieval_Kingdom/Content/Textures/Wall/T_Walls_E.uasset" 366
"E:/Source/repos/Unreal Engine Games/BuildingEscape/Content/RemoteAssets/beffio/Medieval_Kingdom/Content/Textures/Wall/T_Walls_MT.uasset" 367
"E:/Source/repos/Unreal Engine Games/BuildingEscape/Content/RemoteAssets/beffio/Medieval_Kingdom/Content/Textures/Wall/T_Walls_N.uasset" 368
"E:/Source/repos/Unreal Engine Games/BuildingEscape/Content/RemoteAssets/beffio/Medieval_Kingdom/Content/Materials/Materials_Instances/Wall/MI_Wall.uasset" 369
"E:/Source/repos/Unreal Engine Games/BuildingEscape/Content/RemoteAssets/beffio/Medieval_Kingdom/Content/Models/Wall/SM_Wall_11.uasset" 370
"E:/Source/repos/Unreal Engine Games/BuildingEscape/Content/RemoteAssets/beffio/Medieval_Kingdom/Content/Models/Wall/SM_Wall_26.uasset" 371
"E:/Source/repos/Unreal Engine Games/BuildingEscape/Content/RemoteAssets/beffio/Medieval_Kingdom/Content/Models/Wall/SM_Wall_71.uasset" 372
"E:/Source/repos/Unreal Engine Games/BuildingEscape/Content/RemoteAssets/InfinityBladeFireLands/Environments/Fire/Env_Fire_FlameDungeon/Textures/T_FlameDungeon_Wall02_D.uasset" 373
"E:/Source/repos/Unreal Engine Games/BuildingEscape/Content/RemoteAssets/InfinityBladeFireLands/Environments/Fire/Env_Fire_FlameDungeon/Textures/T_FlameDungeon_Wall02_N.uasset" 374
"E:/Source/repos/Unreal Engine Games/BuildingEscape/Content/RemoteAssets/InfinityBladeFireLands/Environments/Fire/Env_Fire_FlameDungeon/Materials/M_FlameDungeon_Wall02.uasset" 375
"E:/Source/repos/Unreal Engine Games/BuildingEscape/Content/RemoteAssets/InfinityBladeFireLands/Environments/Fire/Env_Fire_FlameDungeon/StaticMesh/Background/SM_Background_Bridge04.uasset" 376
"E:/Source/repos/Unreal Engine Games/BuildingEscape/Content/RemoteAssets/InfinityBladeFireLands/Environments/Fire/Env_Fire_FlameDungeon/StaticMesh/Walls/SM_FlameDungeon_Brickwall01.uasset" 377
"E:/Source/repos/Unreal Engine Games/BuildingEscape/Content/RemoteAssets/InfinityBladeGrassLands/Environments/Misc/Exo_Deco02/Textures/T_Decos_Door_D.uasset" 378
"E:/Source/repos/Unreal Engine Games/BuildingEscape/Content/RemoteAssets/InfinityBladeGrassLands/Environments/Misc/Exo_Deco02/Textures/T_Decos_Door_M.uasset" 379
"E:/Source/repos/Unreal Engine Games/BuildingEscape/Content/RemoteAssets/InfinityBladeGrassLands/Environments/Misc/Exo_Deco02/Textures/T_Decos_Door_N.uasset" 380
"E:/Source/repos/Unreal Engine Games/BuildingEscape/Content/RemoteAssets/InfinityBladeGrassLands/Environments/Misc/Exo_Deco02/Materials/M_Decos_Door.uasset" 381
"E:/Source/repos/Unreal Engine Games/BuildingEscape/Content/RemoteAssets/InfinityBladeGrassLands/Environments/Misc/Exo_Deco02/StaticMesh/SM_Exo_Decos_Door03.uasset" 382
"E:/Source/repos/Unreal Engine Games/BuildingEscape/Content/RemoteAssets/InfinityBladeGrassLands/Environments/Misc/Exo_Deco02/Textures/T_Villa_Pillar_1_D.uasset" 383
"E:/Source/repos/Unreal Engine Games/BuildingEscape/Content/RemoteAssets/InfinityBladeGrassLands/Environments/Misc/Exo_Deco02/Textures/T_Villa_Pillar_1_D_NRM.uasset" 384
"E:/Source/repos/Unreal Engine Games/BuildingEscape/Content/RemoteAssets/InfinityBladeGrassLands/Environments/Misc/Exo_Deco02/Materials/M_Villa_Pillar_1.uasset" 385
"E:/Source/repos/Unreal Engine Games/BuildingEscape/Content/RemoteAssets/InfinityBladeGrassLands/Environments/Misc/Exo_Deco02/StaticMesh/SM_Exo_Doorframe_Column_01.uasset" 386
"E:/Source/repos/Unreal Engine Games/BuildingEscape/Content/RemoteAssets/InfinityBladeGrassLands/Environments/Misc/Exo_Deco02/Textures/T_HardWood_Floor_D.uasset" 387
"E:/Source/repos/Unreal Engine Games/BuildingEscape/Content/RemoteAssets/InfinityBladeGrassLands/Environments/Misc/Exo_Deco02/Textures/T_HardWood_Floor_D_NRM.uasset" 388
"E:/Source/repos/Unreal Engine Games/BuildingEscape/Content/RemoteAssets/InfinityBladeGrassLands/Environments/Misc/Exo_Deco02/Materials/M_HardWood_Floor.uasset" 389
"E:/Source/repos/Unreal Engine Games/BuildingEscape/Content/RemoteAssets/InfinityBladeGrassLands/Environments/Misc/Exo_Deco02/StaticMesh/SM_Exo_floor_wood_floorboard.uasset" 390
"E:/Source/repos/Unreal Engine Games/BuildingEscape/Content/RemoteAssets/InfinityBladeGrassLands/Environments/Misc/Exo_Deco02/StaticMesh/SM_Exo_ShantyBeams_Single_01.uasset" 391
"E:/Source/repos/Unreal Engine Games/BuildingEscape/Content/RemoteAssets/InfinityBladeGrassLands/Environments/Misc/Exo_Deco02/Textures/T_Decos_BSP_Stucco02_D.uasset" 392
"E:/Source/repos/Unreal Engine Games/BuildingEscape/Content/RemoteAssets/InfinityBladeGrassLands/Environments/Misc/Exo_Deco02/Textures/T_Decos_BSP_Stucco02_N.uasset" 393
"E:/Source/repos/Unreal Engine Games/BuildingEscape/Content/RemoteAssets/InfinityBladeGrassLands/Environments/Misc/Exo_Deco02/Materials/M_Decos_BSP_Stucco02.uasset" 394
"E:/Source/repos/Unreal Engine Games/BuildingEscape/Content/RemoteAssets/InfinityBladeGrassLands/Environments/Misc/Exo_Deco02/Textures/T_Decos_BSP_Stucco03_D.uasset" 395
"E:/Source/repos/Unreal Engine Games/BuildingEscape/Content/RemoteAssets/InfinityBladeGrassLands/Environments/Misc/Exo_Deco02/Materials/M_Decos_BSP_Stucco03.uasset" 396
"E:/Source/repos/Unreal Engine Games/BuildingEscape/Content/RemoteAssets/InfinityBladeGrassLands/Environments/Misc/Exo_Deco02/StaticMesh/SM_Exo_Stone01_Framed.uasset" 397
"E:/Source/repos/Unreal Engine Games/BuildingEscape/Content/StarterContent/Materials/M_Basic_Floor.uasset" 398
"E:/Source/repos/Unreal Engine Games/BuildingEscape/Content/StarterContent/Architecture/Floor_400x400.uasset" 399
"E:/Source/repos/Unreal Engine Games/BuildingEscape/Content/StarterContent/Materials/M_Basic_Wall.uasset" 400
"E:/Source/repos/Unreal Engine Games/BuildingEscape/Content/StarterContent/Architecture/Wall_Door_400x300.uasset" 401
"E:/Source/repos/Unreal Engine Games/BuildingEscape/Content/StarterContent/Architecture/Wall_Door_400x400.uasset" 402
"E:/Source/repos/Unreal Engine Games/BuildingEscape/Content/StarterContent/Architecture/Wall_Window_400x300.uasset" 403
"../../Plugins/2D/Paper2D/Content/PlaceholderTextures/DummySpriteTexture.uasset" 404
"../../Plugins/2D/Paper2D/Content/DummySprite.uasset" 405
"../../Plugins/2D/Paper2D/Content/DefaultPaperTerrainMaterial.uasset" 406
"../../Plugins/2D/Paper2D/Content/DefaultSpriteMaterial.uasset" 407
"../../Plugins/2D/Paper2D/Content/MaskedUnlitSpriteMaterial.uasset" 408
"../../Plugins/2D/Paper2D/Content/OpaqueUnlitSpriteMaterial.uasset" 409
"../../Plugins/FX/Niagara/Content/Enums/ENiagaraBooleanLogicOps.uasset" 410
"../../Plugins/FX/Niagara/Content/Enums/ENiagaraCoordinateSpace.uasset" 411
"../../Plugins/FX/Niagara/Content/Enums/ENiagaraExpansionMode.uasset" 412
"../../Plugins/FX/Niagara/Content/Enums/ENiagaraOrientationAxis.uasset" 413
"../../Plugins/FX/Niagara/Content/Enums/ENiagaraRandomnessMode.uasset" 414
"../../Plugins/FX/Niagara/Content/Icons/S_ParticleSystem.uasset" 415
"../../../Engine/Content/Functions/Engine_MaterialFunctions02/Utility/BreakOutFloat4Components.uasset" 416
"../../Plugins/Runtime/Oculus/OculusVR/Content/Materials/OculusMR_ChromaKey.uasset" 417
"../../Plugins/Runtime/Oculus/OculusVR/Content/Materials/OculusMR_ChromaKey_Lit.uasset" 418
"../../Plugins/Runtime/Oculus/OculusVR/Content/Materials/OculusMR_OpaqueColoredMaterial.uasset" 419
"../../Plugins/Runtime/Oculus/OculusVR/Content/Materials/OculusMR_WhiteMaterial.uasset" 420
"../../../Engine/Content/Maps/Entry_BuiltData.uasset" 421
"../../../Engine/Content/Maps/Entry.umap" 422
"E:/Source/repos/Unreal Engine Games/BuildingEscape/Content/Models/M_Brass.uasset" 423
"E:/Source/repos/Unreal Engine Games/BuildingEscape/Content/Models/Material_and_textures/T_MetalWood_BC.uasset" 424
"E:/Source/repos/Unreal Engine Games/BuildingEscape/Content/Models/Material_and_textures/M_MetalWood.uasset" 425
"E:/Source/repos/Unreal Engine Games/BuildingEscape/Content/Models/Material_and_textures/MI_Door.uasset" 426
"E:/Source/repos/Unreal Engine Games/BuildingEscape/Content/Models/SM_Door.uasset" 427
"E:/Source/repos/Unreal Engine Games/BuildingEscape/Content/Blueprints/Door_Button1.uasset" 428
"E:/Source/repos/Unreal Engine Games/BuildingEscape/Content/Models/Button.uasset" 429
"E:/Source/repos/Unreal Engine Games/BuildingEscape/Content/Blueprints/Actuall_button1.uasset" 430
"E:/Source/repos/Unreal Engine Games/BuildingEscape/Content/Blueprints/Actuall_button2.uasset" 431
"E:/Source/repos/Unreal Engine Games/BuildingEscape/Content/RemoteAssets/beffio/Medieval_Kingdom/Content/Textures/Food/T_Foods_AO.uasset" 432
"E:/Source/repos/Unreal Engine Games/BuildingEscape/Content/RemoteAssets/beffio/Medieval_Kingdom/Content/Textures/Food/T_Foods_BC.uasset" 433
"E:/Source/repos/Unreal Engine Games/BuildingEscape/Content/RemoteAssets/beffio/Medieval_Kingdom/Content/Textures/Food/T_Foods_MT.uasset" 434
"E:/Source/repos/Unreal Engine Games/BuildingEscape/Content/RemoteAssets/beffio/Medieval_Kingdom/Content/Textures/Food/T_Foods_N.uasset" 435
"E:/Source/repos/Unreal Engine Games/BuildingEscape/Content/RemoteAssets/beffio/Medieval_Kingdom/Content/Materials/Materials_Instances/Food/MI_Food.uasset" 436
"E:/Source/repos/Unreal Engine Games/BuildingEscape/Content/RemoteAssets/beffio/Medieval_Kingdom/Content/Textures/Noises/T_PerlinNoise12_BC.uasset" 437
"E:/Source/repos/Unreal Engine Games/BuildingEscape/Content/RemoteAssets/beffio/Medieval_Kingdom/Content/Textures/Noises/T_PerlinNoise6_BC.uasset" 438
"E:/Source/repos/Unreal Engine Games/BuildingEscape/Content/RemoteAssets/beffio/Medieval_Kingdom/Content/Textures/Veggies/T_Veggies_AO.uasset" 439
"E:/Source/repos/Unreal Engine Games/BuildingEscape/Content/RemoteAssets/beffio/Medieval_Kingdom/Content/Textures/Veggies/T_Veggies_BC.uasset" 440
"E:/Source/repos/Unreal Engine Games/BuildingEscape/Content/RemoteAssets/beffio/Medieval_Kingdom/Content/Textures/Veggies/T_Veggies_MT.uasset" 441
"E:/Source/repos/Unreal Engine Games/BuildingEscape/Content/RemoteAssets/beffio/Medieval_Kingdom/Content/Textures/Veggies/T_Veggies_N.uasset" 442
"E:/Source/repos/Unreal Engine Games/BuildingEscape/Content/RemoteAssets/beffio/Medieval_Kingdom/Content/Materials/Master_Materials/M_Vegetation.uasset" 443
"E:/Source/repos/Unreal Engine Games/BuildingEscape/Content/RemoteAssets/beffio/Medieval_Kingdom/Content/Textures/Food/T_Greens_BC.uasset" 444
"E:/Source/repos/Unreal Engine Games/BuildingEscape/Content/RemoteAssets/beffio/Medieval_Kingdom/Content/Materials/Materials_Instances/Food/MI_Greens.uasset" 445
"E:/Source/repos/Unreal Engine Games/BuildingEscape/Content/RemoteAssets/beffio/Medieval_Kingdom/Content/Models/food/SM_Beetroot.uasset" 446
"E:/Source/repos/Unreal Engine Games/BuildingEscape/Content/Blueprints/BP_KeyPickUp.uasset" 447
"E:/Source/repos/Unreal Engine Games/BuildingEscape/Content/Blueprints/Door_Button.uasset" 448
"E:/Source/repos/Unreal Engine Games/BuildingEscape/Content/Levels/FinishedLevel_BuiltData.uasset" 449
"../../../Engine/Content/BasicShapes/BasicShapeMaterial.uasset" 450
"E:/Source/repos/Unreal Engine Games/BuildingEscape/Content/RemoteAssets/InfinityBladeGrassLands/Environments/Plains/Env_Plains_Terrain/Textures/T_Grass02_D.uasset" 451
"E:/Source/repos/Unreal Engine Games/BuildingEscape/Content/RemoteAssets/InfinityBladeGrassLands/Environments/Plains/Env_Plains_Terrain/Textures/T_Grass02_N.uasset" 452
"E:/Source/repos/Unreal Engine Games/BuildingEscape/Content/RemoteAssets/InfinityBladeGrassLands/Environments/Plains/Env_Plains_Terrain/Materials/M_Grass02.uasset" 453
"E:/Source/repos/Unreal Engine Games/BuildingEscape/Content/Models/Material_and_textures/T_Stone_BC.uasset" 454
"E:/Source/repos/Unreal Engine Games/BuildingEscape/Content/Models/Material_and_textures/M_Stone.uasset" 455
"E:/Source/repos/Unreal Engine Games/BuildingEscape/Content/Models/Material_and_textures/MI_Stone_Floor.uasset" 456
"E:/Source/repos/Unreal Engine Games/BuildingEscape/Content/Models/Material_and_textures/MI_Wall.uasset" 457
"../../../Engine/Content/BasicShapes/Cone.uasset" 458
"../../../Engine/Content/BasicShapes/Cube.uasset" 459
"../../../Engine/Content/BasicShapes/Cylinder.uasset" 460
"../../../Engine/Content/MapTemplates/SM_Template_Map_Floor.uasset" 461
"E:/Source/repos/Unreal Engine Games/BuildingEscape/Content/Models/Material_and_textures/StoneMat.uasset" 462
"E:/Source/repos/Unreal Engine Games/BuildingEscape/Content/Models/Material_and_textures/MI_DoorFrame.uasset" 463
"E:/Source/repos/Unreal Engine Games/BuildingEscape/Content/Models/Material_and_textures/DoorFramMaterial.uasset" 464
"E:/Source/repos/Unreal Engine Games/BuildingEscape/Content/Models/SM_DoorFrame.uasset" 465
"E:/Source/repos/Unreal Engine Games/BuildingEscape/Content/RemoteAssets/beffio/Medieval_Kingdom/Content/Textures/Buildings/Building_15/T_Building_15_AO.uasset" 466
"E:/Source/repos/Unreal Engine Games/BuildingEscape/Content/RemoteAssets/beffio/Medieval_Kingdom/Content/Textures/Buildings/Building_15/T_Building_15_BC.uasset" 467
"E:/Source/repos/Unreal Engine Games/BuildingEscape/Content/RemoteAssets/beffio/Medieval_Kingdom/Content/Textures/Buildings/Building_15/T_Building_15_E.uasset" 468
"E:/Source/repos/Unreal Engine Games/BuildingEscape/Content/RemoteAssets/beffio/Medieval_Kingdom/Content/Textures/Buildings/Building_15/T_Building_15_MT.uasset" 469
"E:/Source/repos/Unreal Engine Games/BuildingEscape/Content/RemoteAssets/beffio/Medieval_Kingdom/Content/Textures/Buildings/Building_15/T_Building_15_N.uasset" 470
"E:/Source/repos/Unreal Engine Games/BuildingEscape/Content/RemoteAssets/beffio/Medieval_Kingdom/Content/Materials/Materials_Instances/Buildings/MI_Building_15.uasset" 471
"E:/Source/repos/Unreal Engine Games/BuildingEscape/Content/RemoteAssets/beffio/Medieval_Kingdom/Content/Models/Buildings/Building_15/SM_Building_15.uasset" 472
"E:/Source/repos/Unreal Engine Games/BuildingEscape/Content/RemoteAssets/beffio/Medieval_Kingdom/Content/Textures/Buildings/Building_16/T_Building_16_AO.uasset" 473
"E:/Source/repos/Unreal Engine Games/BuildingEscape/Content/RemoteAssets/beffio/Medieval_Kingdom/Content/Textures/Buildings/Building_16/T_Building_16_BC.uasset" 474
"E:/Source/repos/Unreal Engine Games/BuildingEscape/Content/RemoteAssets/beffio/Medieval_Kingdom/Content/Textures/Buildings/Building_16/T_Building_16_E.uasset" 475
"E:/Source/repos/Unreal Engine Games/BuildingEscape/Content/RemoteAssets/beffio/Medieval_Kingdom/Content/Textures/Buildings/Building_16/T_Building_16_MT.uasset" 476
"E:/Source/repos/Unreal Engine Games/BuildingEscape/Content/RemoteAssets/beffio/Medieval_Kingdom/Content/Textures/Buildings/Building_16/T_Building_16_N.uasset" 477
"E:/Source/repos/Unreal Engine Games/BuildingEscape/Content/RemoteAssets/beffio/Medieval_Kingdom/Content/Materials/Materials_Instances/Buildings/MI_Building_16.uasset" 478
"E:/Source/repos/Unreal Engine Games/BuildingEscape/Content/RemoteAssets/beffio/Medieval_Kingdom/Content/Models/Buildings/Building_16/SM_Building_16.uasset" 479
"E:/Source/repos/Unreal Engine Games/BuildingEscape/Content/RemoteAssets/beffio/Medieval_Kingdom/Content/Textures/Buildings/Building_18/T_Building_18_AO.uasset" 480
"E:/Source/repos/Unreal Engine Games/BuildingEscape/Content/RemoteAssets/beffio/Medieval_Kingdom/Content/Textures/Buildings/Building_18/T_Building_18_BC.uasset" 481
"E:/Source/repos/Unreal Engine Games/BuildingEscape/Content/RemoteAssets/beffio/Medieval_Kingdom/Content/Textures/Buildings/Building_18/T_Building_18_E.uasset" 482
"E:/Source/repos/Unreal Engine Games/BuildingEscape/Content/RemoteAssets/beffio/Medieval_Kingdom/Content/Textures/Buildings/Building_18/T_Building_18_MT.uasset" 483
"E:/Source/repos/Unreal Engine Games/BuildingEscape/Content/RemoteAssets/beffio/Medieval_Kingdom/Content/Textures/Buildings/Building_18/T_Building_18_N.uasset" 484
"E:/Source/repos/Unreal Engine Games/BuildingEscape/Content/RemoteAssets/beffio/Medieval_Kingdom/Content/Materials/Materials_Instances/Buildings/MI_Building_18.uasset" 485
"E:/Source/repos/Unreal Engine Games/BuildingEscape/Content/RemoteAssets/beffio/Medieval_Kingdom/Content/Models/Buildings/Building_18/SM_Building_18.uasset" 486
"E:/Source/repos/Unreal Engine Games/BuildingEscape/Content/RemoteAssets/beffio/Medieval_Kingdom/Content/Textures/Buildings/Building_23/T_Building_23_AO.uasset" 487
"E:/Source/repos/Unreal Engine Games/BuildingEscape/Content/RemoteAssets/beffio/Medieval_Kingdom/Content/Textures/Buildings/Building_23/T_Building_23_BC.uasset" 488
"E:/Source/repos/Unreal Engine Games/BuildingEscape/Content/RemoteAssets/beffio/Medieval_Kingdom/Content/Textures/Buildings/Building_23/T_Building_23_E.uasset" 489
"E:/Source/repos/Unreal Engine Games/BuildingEscape/Content/RemoteAssets/beffio/Medieval_Kingdom/Content/Textures/Buildings/Building_23/T_Building_23_MT.uasset" 490
"E:/Source/repos/Unreal Engine Games/BuildingEscape/Content/RemoteAssets/beffio/Medieval_Kingdom/Content/Textures/Buildings/Building_23/T_Building_23_N.uasset" 491
"E:/Source/repos/Unreal Engine Games/BuildingEscape/Content/RemoteAssets/beffio/Medieval_Kingdom/Content/Materials/Materials_Instances/Buildings/MI_Building_23.uasset" 492
"E:/Source/repos/Unreal Engine Games/BuildingEscape/Content/RemoteAssets/beffio/Medieval_Kingdom/Content/Models/Buildings/Building_23/SM_Building_23.uasset" 493
"E:/Source/repos/Unreal Engine Games/BuildingEscape/Content/RemoteAssets/beffio/Medieval_Kingdom/Content/Textures/Buildings/Building_24/T_Building_24_AO.uasset" 494
"E:/Source/repos/Unreal Engine Games/BuildingEscape/Content/RemoteAssets/beffio/Medieval_Kingdom/Content/Textures/Buildings/Building_24/T_Building_24_BC.uasset" 495
"E:/Source/repos/Unreal Engine Games/BuildingEscape/Content/RemoteAssets/beffio/Medieval_Kingdom/Content/Textures/Buildings/Building_24/T_Building_24_Building_24_N.uasset" 496
"E:/Source/repos/Unreal Engine Games/BuildingEscape/Content/RemoteAssets/beffio/Medieval_Kingdom/Content/Textures/Buildings/Building_24/T_Building_24_E.uasset" 497
"E:/Source/repos/Unreal Engine Games/BuildingEscape/Content/RemoteAssets/beffio/Medieval_Kingdom/Content/Textures/Buildings/Building_24/T_Building_24_MT.uasset" 498
"E:/Source/repos/Unreal Engine Games/BuildingEscape/Content/RemoteAssets/beffio/Medieval_Kingdom/Content/Materials/Materials_Instances/Buildings/MI_Building_24.uasset" 499
"E:/Source/repos/Unreal Engine Games/BuildingEscape/Content/RemoteAssets/beffio/Medieval_Kingdom/Content/Models/Buildings/Building_24/SM_Building_24.uasset" 500
"E:/Source/repos/Unreal Engine Games/BuildingEscape/Content/RemoteAssets/beffio/Medieval_Kingdom/Content/Textures/Buildings/Building_25/T_Building_25_AO.uasset" 501
"E:/Source/repos/Unreal Engine Games/BuildingEscape/Content/RemoteAssets/beffio/Medieval_Kingdom/Content/Textures/Buildings/Building_25/T_Building_25_BC.uasset" 502
"E:/Source/repos/Unreal Engine Games/BuildingEscape/Content/RemoteAssets/beffio/Medieval_Kingdom/Content/Textures/Buildings/Building_25/T_Building_25_E.uasset" 503
"E:/Source/repos/Unreal Engine Games/BuildingEscape/Content/RemoteAssets/beffio/Medieval_Kingdom/Content/Textures/Buildings/Building_25/T_Building_25_MT.uasset" 504
"E:/Source/repos/Unreal Engine Games/BuildingEscape/Content/RemoteAssets/beffio/Medieval_Kingdom/Content/Textures/Buildings/Building_25/T_Building_25_N.uasset" 505
"E:/Source/repos/Unreal Engine Games/BuildingEscape/Content/RemoteAssets/beffio/Medieval_Kingdom/Content/Materials/Materials_Instances/Buildings/MI_Building_25.uasset" 506
"E:/Source/repos/Unreal Engine Games/BuildingEscape/Content/RemoteAssets/beffio/Medieval_Kingdom/Content/Models/Buildings/Building_25/SM_Building_25.uasset" 507
"E:/Source/repos/Unreal Engine Games/BuildingEscape/Content/RemoteAssets/beffio/Medieval_Kingdom/Content/Textures/Buildings/Building_4/T_Building_4_AO.uasset" 508
"E:/Source/repos/Unreal Engine Games/BuildingEscape/Content/RemoteAssets/beffio/Medieval_Kingdom/Content/Textures/Buildings/Building_4/T_Building_4_BC.uasset" 509
"E:/Source/repos/Unreal Engine Games/BuildingEscape/Content/RemoteAssets/beffio/Medieval_Kingdom/Content/Textures/Buildings/Building_4/T_Building_4_E.uasset" 510
"E:/Source/repos/Unreal Engine Games/BuildingEscape/Content/RemoteAssets/beffio/Medieval_Kingdom/Content/Textures/Buildings/Building_4/T_Building_4_MT.uasset" 511
"E:/Source/repos/Unreal Engine Games/BuildingEscape/Content/RemoteAssets/beffio/Medieval_Kingdom/Content/Textures/Buildings/Building_4/T_Building_4_N.uasset" 512
"E:/Source/repos/Unreal Engine Games/BuildingEscape/Content/RemoteAssets/beffio/Medieval_Kingdom/Content/Materials/Materials_Instances/Buildings/MI_Building_4.uasset" 513
"E:/Source/repos/Unreal Engine Games/BuildingEscape/Content/RemoteAssets/beffio/Medieval_Kingdom/Content/Models/Buildings/Building_4/SM_Building_4.uasset" 514
"E:/Source/repos/Unreal Engine Games/BuildingEscape/Content/RemoteAssets/beffio/Medieval_Kingdom/Content/Textures/Buildings/Building_8/T_Building_8_AO.uasset" 515
"E:/Source/repos/Unreal Engine Games/BuildingEscape/Content/RemoteAssets/beffio/Medieval_Kingdom/Content/Textures/Buildings/Building_8/T_Building_8_BC.uasset" 516
"E:/Source/repos/Unreal Engine Games/BuildingEscape/Content/RemoteAssets/beffio/Medieval_Kingdom/Content/Textures/Buildings/Building_8/T_Building_8_E.uasset" 517
"E:/Source/repos/Unreal Engine Games/BuildingEscape/Content/RemoteAssets/beffio/Medieval_Kingdom/Content/Textures/Buildings/Building_8/T_Building_8_MT.uasset" 518
"E:/Source/repos/Unreal Engine Games/BuildingEscape/Content/RemoteAssets/beffio/Medieval_Kingdom/Content/Textures/Buildings/Building_8/T_Building_8_N.uasset" 519
"E:/Source/repos/Unreal Engine Games/BuildingEscape/Content/RemoteAssets/beffio/Medieval_Kingdom/Content/Materials/Materials_Instances/Buildings/MI_Building_8.uasset" 520
"E:/Source/repos/Unreal Engine Games/BuildingEscape/Content/RemoteAssets/beffio/Medieval_Kingdom/Content/Models/Buildings/Building_8/SM_Building_8.uasset" 521
"E:/Source/repos/Unreal Engine Games/BuildingEscape/Content/RemoteAssets/beffio/Medieval_Kingdom/Content/Textures/Wall_2/T_Wall_2_BC.uasset" 522
"E:/Source/repos/Unreal Engine Games/BuildingEscape/Content/RemoteAssets/beffio/Medieval_Kingdom/Content/Textures/Wall_2/T_Wall_2_E.uasset" 523
"E:/Source/repos/Unreal Engine Games/BuildingEscape/Content/RemoteAssets/beffio/Medieval_Kingdom/Content/Textures/Wall_2/T_Wall_2_MT.uasset" 524
"E:/Source/repos/Unreal Engine Games/BuildingEscape/Content/RemoteAssets/beffio/Medieval_Kingdom/Content/Textures/Wall_2/T_Wall_2_N.uasset" 525
"E:/Source/repos/Unreal Engine Games/BuildingEscape/Content/RemoteAssets/beffio/Medieval_Kingdom/Content/Materials/Materials_Instances/Wall_2/MI_Wall_2.uasset" 526
"E:/Source/repos/Unreal Engine Games/BuildingEscape/Content/RemoteAssets/beffio/Medieval_Kingdom/Content/Models/Wall_2/SM_Filar_5.uasset" 527
"E:/Source/repos/Unreal Engine Games/BuildingEscape/Content/RemoteAssets/beffio/Medieval_Kingdom/Content/Models/Wall_2/SM_Stairs_1.uasset" 528
"E:/Source/repos/Unreal Engine Games/BuildingEscape/Content/RemoteAssets/InfinityBladeFireLands/Environments/Fire/Env_Fire_FlameDungeon/Textures/T_FlameDungeon_Floor01_D.uasset" 529
"E:/Source/repos/Unreal Engine Games/BuildingEscape/Content/RemoteAssets/InfinityBladeFireLands/Environments/Fire/Env_Fire_FlameDungeon/Textures/T_FlameDungeon_Floor01_N.uasset" 530
"E:/Source/repos/Unreal Engine Games/BuildingEscape/Content/RemoteAssets/InfinityBladeFireLands/Environments/Fire/Env_Fire_FlameDungeon/Materials/M_FlameDungeon_Floor01.uasset" 531
"E:/Source/repos/Unreal Engine Games/BuildingEscape/Content/RemoteAssets/InfinityBladeFireLands/Environments/Fire/Env_Fire_FlameDungeon/StaticMesh/Background/SM_FlameDungeon_TileFloor_Stair01.uasset" 532
"E:/Source/repos/Unreal Engine Games/BuildingEscape/Content/RemoteAssets/InfinityBladeFireLands/Environments/Fire/Env_Fire_FlameDungeon/StaticMesh/Walls/SM_FlameDungeon_Brickwall02.uasset" 533
"E:/Source/repos/Unreal Engine Games/BuildingEscape/Content/RemoteAssets/InfinityBladeFireLands/Environments/Fire/Fire_Fortress/Textures/Plate_Floor_2_D.uasset" 534
"E:/Source/repos/Unreal Engine Games/BuildingEscape/Content/RemoteAssets/InfinityBladeFireLands/Environments/Fire/Fire_Fortress/Textures/Plate_Floor_2_N.uasset" 535
"E:/Source/repos/Unreal Engine Games/BuildingEscape/Content/RemoteAssets/InfinityBladeFireLands/Environments/Fire/Fire_Fortress/Materials/M_Plate_Floor_2.uasset" 536
"E:/Source/repos/Unreal Engine Games/BuildingEscape/Content/RemoteAssets/InfinityBladeFireLands/Environments/Fire/Fire_Fortress/SM/Fire_Torchier_1.uasset" 537
"E:/Source/repos/Unreal Engine Games/BuildingEscape/Content/RemoteAssets/InfinityBladeGrassLands/Environments/Misc/Exo_Deco02/Textures/T_Decos_Facade01_D.uasset" 538
"E:/Source/repos/Unreal Engine Games/BuildingEscape/Content/RemoteAssets/InfinityBladeGrassLands/Environments/Misc/Exo_Deco02/Textures/T_Decos_Facade01_D_NRM.uasset" 539
"E:/Source/repos/Unreal Engine Games/BuildingEscape/Content/RemoteAssets/InfinityBladeGrassLands/Environments/Misc/Exo_Deco02/Materials/M_Decos_Facade01.uasset" 540
"E:/Source/repos/Unreal Engine Games/BuildingEscape/Content/RemoteAssets/InfinityBladeGrassLands/Environments/Misc/Exo_Deco02/Textures/T_Villa_Plaster_1_D.uasset" 541
"E:/Source/repos/Unreal Engine Games/BuildingEscape/Content/RemoteAssets/InfinityBladeGrassLands/Environments/Misc/Exo_Deco02/Textures/T_Villa_Plaster_1_D_NRM.uasset" 542
"E:/Source/repos/Unreal Engine Games/BuildingEscape/Content/RemoteAssets/InfinityBladeGrassLands/Environments/Misc/Exo_Deco02/Materials/M_Villa_Plaster_1.uasset" 543
"E:/Source/repos/Unreal Engine Games/BuildingEscape/Content/RemoteAssets/InfinityBladeGrassLands/Environments/Misc/Exo_Deco02/StaticMesh/SM_Exo_Decos_Set01_Facade03.uasset" 544
"E:/Source/repos/Unreal Engine Games/BuildingEscape/Content/RemoteAssets/InfinityBladeGrassLands/Environments/Misc/Exo_Deco02/Textures/T_Flooded_ConcRail1_D.uasset" 545
"E:/Source/repos/Unreal Engine Games/BuildingEscape/Content/RemoteAssets/InfinityBladeGrassLands/Environments/Misc/Exo_Deco02/Textures/T_Flooded_ConcRail1_D_NRM.uasset" 546
"E:/Source/repos/Unreal Engine Games/BuildingEscape/Content/RemoteAssets/InfinityBladeGrassLands/Environments/Misc/Exo_Deco02/Materials/m_Flooded_ConcRail1.uasset" 547
"E:/Source/repos/Unreal Engine Games/BuildingEscape/Content/RemoteAssets/InfinityBladeGrassLands/Environments/Misc/Exo_Deco02/StaticMesh/SM_Exo_Flood_ConcStairs_STR1.uasset" 548
"E:/Source/repos/Unreal Engine Games/BuildingEscape/Content/RemoteAssets/InfinityBladeGrassLands/Environments/Misc/Exo_Deco02/StaticMesh/SM_Exo_Pillar_1.uasset" 549
"E:/Source/repos/Unreal Engine Games/BuildingEscape/Content/RemoteAssets/InfinityBladeGrassLands/Environments/Misc/Exo_Deco02/StaticMesh/SM_Exo_Pillar_2.uasset" 550
"E:/Source/repos/Unreal Engine Games/BuildingEscape/Content/Sounds/door-lock.uasset" 551
"E:/Source/repos/Unreal Engine Games/BuildingEscape/Content/StarterContent/Architecture/Wall_400x400.uasset" 552
"E:/Source/repos/Unreal Engine Games/BuildingEscape/Content/StarterContent/Audio/Fire_Sparks01.uasset" 553
"E:/Source/repos/Unreal Engine Games/BuildingEscape/Content/StarterContent/Textures/T_Fire_SubUV.uasset" 554
"E:/Source/repos/Unreal Engine Games/BuildingEscape/Content/StarterContent/Textures/T_Fire_Tiled_D.uasset" 555
"E:/Source/repos/Unreal Engine Games/BuildingEscape/Content/StarterContent/Particles/Materials/M_Fire_SubUV.uasset" 556
"E:/Source/repos/Unreal Engine Games/BuildingEscape/Content/StarterContent/Textures/T_Water_N.uasset" 557
"E:/Source/repos/Unreal Engine Games/BuildingEscape/Content/StarterContent/Particles/Materials/M_Heat_Distortion.uasset" 558
"../../../Engine/Content/Functions/Engine_MaterialFunctions01/Gradient/RadialGradient.uasset" 559
"E:/Source/repos/Unreal Engine Games/BuildingEscape/Content/StarterContent/Particles/Materials/M_Radial_Gradient.uasset" 560
"E:/Source/repos/Unreal Engine Games/BuildingEscape/Content/StarterContent/Textures/T_Smoke_SubUV.uasset" 561
"E:/Source/repos/Unreal Engine Games/BuildingEscape/Content/StarterContent/Textures/T_Smoke_Tiled_D.uasset" 562
"E:/Source/repos/Unreal Engine Games/BuildingEscape/Content/StarterContent/Particles/Materials/M_smoke_subUV.uasset" 563
"E:/Source/repos/Unreal Engine Games/BuildingEscape/Content/StarterContent/Particles/P_Fire.uasset" 564
"E:/Source/repos/Unreal Engine Games/BuildingEscape/Content/Levels/FinishedLevel.umap" 565
